李峻毅	104	user35	puce4346
陳威任	104	user36	ecru2245
陳宥融	106	user37	rose1099
陳逸鍇	106	user38	lilac2835
王奕和	114	user39	denim2695
洪子恩	114	user40	coral4495
許哲瑜	114	user41	lemon4418
許嘉豪	114	user42	linen9260
黃奕翔	114	user43	ecru7318
蘇柏瑞	114	user44	ochre7769
何中康	117	user45	corn5364
李騏睿	117	user46	brass3491
黃彥博	117	user47	peach8045
楊宜臻	117	user48	denim6645
蔡睿恩	117	user49	ruby8180
林承翰	118	user50	rose9268
張佑澤	118	user51	plum9557
王閔邑	119	user52	ecru3217
張承駿	119	user53	azure4868
梁世雄	119	user54	rust7339
李育祐	120	user55	gold1089
許翊泓	120	user56	smalt3188
薛尹喆	120	user57	corn4821
鐘傳閔	120	user58	ruby4225
陳建霖	208	user59	amber6938
趙偉恆	209	user60	grey5932
吳奎漢	218	user61	rust2023
吳赫宥	219	user62	khaki5027
周聖詠	219	user63	peach7702
姚承希	219	user64	green3669
莊澄浩	219	user65	khaki1128
陳育德	219	user66	denim1203
黃兆維	219	user67	azure1066
楊子毅	220	user68	smalt2338